android-client/app/build/intermediates/manifest_merge_blame_file/release/manifest-merger-blame-release-report.txt
1<?xml version="1.0" encoding="utf-8"?>
2<manifest xmlns:android="http://schemas.android.com/apk/res/android"
3    package="com.erdmt"
4    android:versionCode="1"
5    android:versionName="1.0" >
6
7    <uses-sdk
8        android:minSdkVersion="23"
9        android:targetSdkVersion="34" />
10
11    <uses-permission android:name="android.permission.INTERNET" />
11-->src/main/AndroidManifest.xml:4:5-67
11-->src/main/AndroidManifest.xml:4:22-64
12    <uses-permission android:name="android.permission.ACCESS_NETWORK_STATE" />
12-->[com.google.firebase:firebase-messaging:23.4.1] AndroidManifest.xml:22:5-79
12-->[com.google.firebase:firebase-messaging:23.4.1] AndroidManifest.xml:22:22-76
13    <uses-permission android:name="android.permission.POST_NOTIFICATIONS" />
13-->[com.google.firebase:firebase-messaging:23.4.1] AndroidManifest.xml:23:5-77
13-->[com.google.firebase:firebase-messaging:23.4.1] AndroidManifest.xml:23:22-74
14    <uses-permission android:name="android.permission.WAKE_LOCK" /> <!-- Required by older versions of Google Play services to create IID tokens -->
14-->[com.google.firebase:firebase-messaging:23.4.1] AndroidManifest.xml:24:5-68
14-->[com.google.firebase:firebase-messaging:23.4.1] AndroidManifest.xml:24:22-65
15    <uses-permission android:name="com.google.android.c2dm.permission.RECEIVE" />
15-->[com.google.firebase:firebase-messaging:23.4.1] AndroidManifest.xml:26:5-82
15-->[com.google.firebase:firebase-messaging:23.4.1] AndroidManifest.xml:26:22-79
16    <uses-permission android:name="com.google.android.gms.permission.AD_ID" />
16-->[com.google.android.gms:play-services-measurement-api:21.5.1] AndroidManifest.xml:25:5-79
16-->[com.google.android.gms:play-services-measurement-api:21.5.1] AndroidManifest.xml:25:22-76
17    <uses-permission android:name="android.permission.ACCESS_ADSERVICES_ATTRIBUTION" />
17-->[com.google.android.gms:play-services-measurement-api:21.5.1] AndroidManifest.xml:26:5-88
17-->[com.google.android.gms:play-services-measurement-api:21.5.1] AndroidManifest.xml:26:22-85
18    <uses-permission android:name="android.permission.ACCESS_ADSERVICES_AD_ID" />
18-->[com.google.android.gms:play-services-measurement-api:21.5.1] AndroidManifest.xml:27:5-82
18-->[com.google.android.gms:play-services-measurement-api:21.5.1] AndroidManifest.xml:27:22-79
19    <uses-permission android:name="com.google.android.finsky.permission.BIND_GET_INSTALL_REFERRER_SERVICE" />
19-->[com.google.android.gms:play-services-measurement:21.5.1] AndroidManifest.xml:26:5-110
19-->[com.google.android.gms:play-services-measurement:21.5.1] AndroidManifest.xml:26:22-107
20
21    <permission
21-->[androidx.core:core:1.9.0] AndroidManifest.xml:22:5-24:47
22        android:name="com.erdmt.DYNAMIC_RECEIVER_NOT_EXPORTED_PERMISSION"
22-->[androidx.core:core:1.9.0] AndroidManifest.xml:23:9-81
23        android:protectionLevel="signature" />
23-->[androidx.core:core:1.9.0] AndroidManifest.xml:24:9-44
24
25    <uses-permission android:name="com.erdmt.DYNAMIC_RECEIVER_NOT_EXPORTED_PERMISSION" />
25-->[androidx.core:core:1.9.0] AndroidManifest.xml:26:5-97
25-->[androidx.core:core:1.9.0] AndroidManifest.xml:26:22-94
26
27    <application
27-->src/main/AndroidManifest.xml:6:5-19:19
28        android:allowBackup="true"
28-->src/main/AndroidManifest.xml:7:9-35
29        android:appComponentFactory="androidx.core.app.CoreComponentFactory"
29-->[androidx.core:core:1.9.0] AndroidManifest.xml:28:18-86
30        android:extractNativeLibs="false"
31        android:label="ERDMT"
31-->src/main/AndroidManifest.xml:8:9-30
32        android:theme="@style/Theme.AppCompat.Light.NoActionBar" >
32-->src/main/AndroidManifest.xml:9:9-65
33        <activity
33-->src/main/AndroidManifest.xml:11:9-17:20
34            android:name="com.erdmt.MainActivity"
34-->src/main/AndroidManifest.xml:11:19-47
35            android:exported="true" >
35-->src/main/AndroidManifest.xml:12:13-36
36            <intent-filter>
36-->src/main/AndroidManifest.xml:13:13-16:29
37                <action android:name="android.intent.action.MAIN" />
37-->src/main/AndroidManifest.xml:14:17-69
37-->src/main/AndroidManifest.xml:14:25-66
38
39                <category android:name="android.intent.category.LAUNCHER" />
39-->src/main/AndroidManifest.xml:15:17-77
39-->src/main/AndroidManifest.xml:15:27-74
40            </intent-filter>
41        </activity>
42
43        <receiver
43-->[com.google.firebase:firebase-messaging:23.4.1] AndroidManifest.xml:29:9-40:20
44            android:name="com.google.firebase.iid.FirebaseInstanceIdReceiver"
44-->[com.google.firebase:firebase-messaging:23.4.1] AndroidManifest.xml:30:13-78
45            android:exported="true"
45-->[com.google.firebase:firebase-messaging:23.4.1] AndroidManifest.xml:31:13-36
46            android:permission="com.google.android.c2dm.permission.SEND" >
46-->[com.google.firebase:firebase-messaging:23.4.1] AndroidManifest.xml:32:13-73
47            <intent-filter>
47-->[com.google.firebase:firebase-messaging:23.4.1] AndroidManifest.xml:33:13-35:29
48                <action android:name="com.google.android.c2dm.intent.RECEIVE" />
48-->[com.google.firebase:firebase-messaging:23.4.1] AndroidManifest.xml:34:17-81
48-->[com.google.firebase:firebase-messaging:23.4.1] AndroidManifest.xml:34:25-78
49            </intent-filter>
50
51            <meta-data
51-->[com.google.firebase:firebase-messaging:23.4.1] AndroidManifest.xml:37:13-39:40
52                android:name="com.google.android.gms.cloudmessaging.FINISHED_AFTER_HANDLED"
52-->[com.google.firebase:firebase-messaging:23.4.1] AndroidManifest.xml:38:17-92
53                android:value="true" />
53-->[com.google.firebase:firebase-messaging:23.4.1] AndroidManifest.xml:39:17-37
54        </receiver>
55        <!--
56             FirebaseMessagingService performs security checks at runtime,
57             but set to not exported to explicitly avoid allowing another app to call it.
58        -->
59        <service
59-->[com.google.firebase:firebase-messaging:23.4.1] AndroidManifest.xml:46:9-53:19
60            android:name="com.google.firebase.messaging.FirebaseMessagingService"
60-->[com.google.firebase:firebase-messaging:23.4.1] AndroidManifest.xml:47:13-82
61            android:directBootAware="true"
61-->[com.google.firebase:firebase-messaging:23.4.1] AndroidManifest.xml:48:13-43
62            android:exported="false" >
62-->[com.google.firebase:firebase-messaging:23.4.1] AndroidManifest.xml:49:13-37
63            <intent-filter android:priority="-500" >
63-->[com.google.firebase:firebase-messaging:23.4.1] AndroidManifest.xml:50:13-52:29
63-->[com.google.firebase:firebase-messaging:23.4.1] AndroidManifest.xml:50:28-51
64                <action android:name="com.google.firebase.MESSAGING_EVENT" />
64-->[com.google.firebase:firebase-messaging:23.4.1] AndroidManifest.xml:51:17-78
64-->[com.google.firebase:firebase-messaging:23.4.1] AndroidManifest.xml:51:25-75
65            </intent-filter>
66        </service>
67        <service
67-->[com.google.firebase:firebase-messaging:23.4.1] AndroidManifest.xml:54:9-63:19
68            android:name="com.google.firebase.components.ComponentDiscoveryService"
68-->[com.google.firebase:firebase-messaging:23.4.1] AndroidManifest.xml:55:13-84
69            android:directBootAware="true"
69-->[com.google.firebase:firebase-common:20.4.2] AndroidManifest.xml:32:13-43
70            android:exported="false" >
70-->[com.google.firebase:firebase-messaging:23.4.1] AndroidManifest.xml:56:13-37
71            <meta-data
71-->[com.google.firebase:firebase-messaging:23.4.1] AndroidManifest.xml:57:13-59:85
72                android:name="com.google.firebase.components:com.google.firebase.messaging.FirebaseMessagingKtxRegistrar"
72-->[com.google.firebase:firebase-messaging:23.4.1] AndroidManifest.xml:58:17-122
73                android:value="com.google.firebase.components.ComponentRegistrar" />
73-->[com.google.firebase:firebase-messaging:23.4.1] AndroidManifest.xml:59:17-82
74            <meta-data
74-->[com.google.firebase:firebase-messaging:23.4.1] AndroidManifest.xml:60:13-62:85
75                android:name="com.google.firebase.components:com.google.firebase.messaging.FirebaseMessagingRegistrar"
75-->[com.google.firebase:firebase-messaging:23.4.1] AndroidManifest.xml:61:17-119
76                android:value="com.google.firebase.components.ComponentRegistrar" />
76-->[com.google.firebase:firebase-messaging:23.4.1] AndroidManifest.xml:62:17-82
77            <meta-data
77-->[com.google.firebase:firebase-datatransport:18.1.7] AndroidManifest.xml:27:13-29:85
78                android:name="com.google.firebase.components:com.google.firebase.datatransport.TransportRegistrar"
78-->[com.google.firebase:firebase-datatransport:18.1.7] AndroidManifest.xml:28:17-115
79                android:value="com.google.firebase.components.ComponentRegistrar" />
79-->[com.google.firebase:firebase-datatransport:18.1.7] AndroidManifest.xml:29:17-82
80            <meta-data
80-->[com.google.android.gms:play-services-measurement-api:21.5.1] AndroidManifest.xml:37:13-39:85
81                android:name="com.google.firebase.components:com.google.firebase.analytics.connector.internal.AnalyticsConnectorRegistrar"
81-->[com.google.android.gms:play-services-measurement-api:21.5.1] AndroidManifest.xml:38:17-139
82                android:value="com.google.firebase.components.ComponentRegistrar" />
82-->[com.google.android.gms:play-services-measurement-api:21.5.1] AndroidManifest.xml:39:17-82
83            <meta-data
83-->[com.google.firebase:firebase-installations:17.2.0] AndroidManifest.xml:15:13-17:85
84                android:name="com.google.firebase.components:com.google.firebase.installations.FirebaseInstallationsKtxRegistrar"
84-->[com.google.firebase:firebase-installations:17.2.0] AndroidManifest.xml:16:17-130
85                android:value="com.google.firebase.components.ComponentRegistrar" />
85-->[com.google.firebase:firebase-installations:17.2.0] AndroidManifest.xml:17:17-82
86            <meta-data
86-->[com.google.firebase:firebase-installations:17.2.0] AndroidManifest.xml:18:13-20:85
87                android:name="com.google.firebase.components:com.google.firebase.installations.FirebaseInstallationsRegistrar"
87-->[com.google.firebase:firebase-installations:17.2.0] AndroidManifest.xml:19:17-127
88                android:value="com.google.firebase.components.ComponentRegistrar" />
88-->[com.google.firebase:firebase-installations:17.2.0] AndroidManifest.xml:20:17-82
89            <meta-data
89-->[com.google.firebase:firebase-common-ktx:20.4.2] AndroidManifest.xml:12:13-14:85
90                android:name="com.google.firebase.components:com.google.firebase.ktx.FirebaseCommonLegacyRegistrar"
90-->[com.google.firebase:firebase-common-ktx:20.4.2] AndroidManifest.xml:13:17-116
91                android:value="com.google.firebase.components.ComponentRegistrar" />
91-->[com.google.firebase:firebase-common-ktx:20.4.2] AndroidManifest.xml:14:17-82
92            <meta-data
92-->[com.google.firebase:firebase-common:20.4.2] AndroidManifest.xml:35:13-37:85
93                android:name="com.google.firebase.components:com.google.firebase.FirebaseCommonKtxRegistrar"
93-->[com.google.firebase:firebase-common:20.4.2] AndroidManifest.xml:36:17-109
94                android:value="com.google.firebase.components.ComponentRegistrar" />
94-->[com.google.firebase:firebase-common:20.4.2] AndroidManifest.xml:37:17-82
95        </service>
96        <service
96-->[com.google.android.datatransport:transport-backend-cct:3.1.8] AndroidManifest.xml:28:9-34:19
97            android:name="com.google.android.datatransport.runtime.backends.TransportBackendDiscovery"
97-->[com.google.android.datatransport:transport-backend-cct:3.1.8] AndroidManifest.xml:29:13-103
98            android:exported="false" >
98-->[com.google.android.datatransport:transport-backend-cct:3.1.8] AndroidManifest.xml:30:13-37
99            <meta-data
99-->[com.google.android.datatransport:transport-backend-cct:3.1.8] AndroidManifest.xml:31:13-33:39
100                android:name="backend:com.google.android.datatransport.cct.CctBackendFactory"
100-->[com.google.android.datatransport:transport-backend-cct:3.1.8] AndroidManifest.xml:32:17-94
101                android:value="cct" />
101-->[com.google.android.datatransport:transport-backend-cct:3.1.8] AndroidManifest.xml:33:17-36
102        </service>
103        <service
103-->[com.google.android.datatransport:transport-runtime:3.1.8] AndroidManifest.xml:26:9-30:19
104            android:name="com.google.android.datatransport.runtime.scheduling.jobscheduling.JobInfoSchedulerService"
104-->[com.google.android.datatransport:transport-runtime:3.1.8] AndroidManifest.xml:27:13-117
105            android:exported="false"
105-->[com.google.android.datatransport:transport-runtime:3.1.8] AndroidManifest.xml:28:13-37
106            android:permission="android.permission.BIND_JOB_SERVICE" >
106-->[com.google.android.datatransport:transport-runtime:3.1.8] AndroidManifest.xml:29:13-69
107        </service>
108
109        <receiver
109-->[com.google.android.datatransport:transport-runtime:3.1.8] AndroidManifest.xml:32:9-34:40
110            android:name="com.google.android.datatransport.runtime.scheduling.jobscheduling.AlarmManagerSchedulerBroadcastReceiver"
110-->[com.google.android.datatransport:transport-runtime:3.1.8] AndroidManifest.xml:33:13-132
111            android:exported="false" />
111-->[com.google.android.datatransport:transport-runtime:3.1.8] AndroidManifest.xml:34:13-37
112
113        <property
113-->[com.google.android.gms:play-services-measurement-api:21.5.1] AndroidManifest.xml:30:9-32:61
114            android:name="android.adservices.AD_SERVICES_CONFIG"
114-->[com.google.android.gms:play-services-measurement-api:21.5.1] AndroidManifest.xml:31:13-65
115            android:resource="@xml/ga_ad_services_config" />
115-->[com.google.android.gms:play-services-measurement-api:21.5.1] AndroidManifest.xml:32:13-58
116
117        <provider
117-->[com.google.firebase:firebase-common:20.4.2] AndroidManifest.xml:23:9-28:39
118            android:name="com.google.firebase.provider.FirebaseInitProvider"
118-->[com.google.firebase:firebase-common:20.4.2] AndroidManifest.xml:24:13-77
119            android:authorities="com.erdmt.firebaseinitprovider"
119-->[com.google.firebase:firebase-common:20.4.2] AndroidManifest.xml:25:13-72
120            android:directBootAware="true"
120-->[com.google.firebase:firebase-common:20.4.2] AndroidManifest.xml:26:13-43
121            android:exported="false"
121-->[com.google.firebase:firebase-common:20.4.2] AndroidManifest.xml:27:13-37
122            android:initOrder="100" />
122-->[com.google.firebase:firebase-common:20.4.2] AndroidManifest.xml:28:13-36
123
124        <receiver
124-->[com.google.android.gms:play-services-measurement:21.5.1] AndroidManifest.xml:29:9-33:20
125            android:name="com.google.android.gms.measurement.AppMeasurementReceiver"
125-->[com.google.android.gms:play-services-measurement:21.5.1] AndroidManifest.xml:30:13-85
126            android:enabled="true"
126-->[com.google.android.gms:play-services-measurement:21.5.1] AndroidManifest.xml:31:13-35
127            android:exported="false" >
127-->[com.google.android.gms:play-services-measurement:21.5.1] AndroidManifest.xml:32:13-37
128        </receiver>
129
130        <service
130-->[com.google.android.gms:play-services-measurement:21.5.1] AndroidManifest.xml:35:9-38:40
131            android:name="com.google.android.gms.measurement.AppMeasurementService"
131-->[com.google.android.gms:play-services-measurement:21.5.1] AndroidManifest.xml:36:13-84
132            android:enabled="true"
132-->[com.google.android.gms:play-services-measurement:21.5.1] AndroidManifest.xml:37:13-35
133            android:exported="false" />
133-->[com.google.android.gms:play-services-measurement:21.5.1] AndroidManifest.xml:38:13-37
134        <service
134-->[com.google.android.gms:play-services-measurement:21.5.1] AndroidManifest.xml:39:9-43:72
135            android:name="com.google.android.gms.measurement.AppMeasurementJobService"
135-->[com.google.android.gms:play-services-measurement:21.5.1] AndroidManifest.xml:40:13-87
136            android:enabled="true"
136-->[com.google.android.gms:play-services-measurement:21.5.1] AndroidManifest.xml:41:13-35
137            android:exported="false"
137-->[com.google.android.gms:play-services-measurement:21.5.1] AndroidManifest.xml:42:13-37
138            android:permission="android.permission.BIND_JOB_SERVICE" />
138-->[com.google.android.gms:play-services-measurement:21.5.1] AndroidManifest.xml:43:13-69
139
140        <activity
140-->[com.google.android.gms:play-services-base:18.0.1] AndroidManifest.xml:20:9-22:45
141            android:name="com.google.android.gms.common.api.GoogleApiActivity"
141-->[com.google.android.gms:play-services-base:18.0.1] AndroidManifest.xml:20:19-85
142            android:exported="false"
142-->[com.google.android.gms:play-services-base:18.0.1] AndroidManifest.xml:22:19-43
143            android:theme="@android:style/Theme.Translucent.NoTitleBar" />
143-->[com.google.android.gms:play-services-base:18.0.1] AndroidManifest.xml:21:19-78
144
145        <uses-library
145-->[androidx.privacysandbox.ads:ads-adservices:1.0.0-beta05] AndroidManifest.xml:23:9-25:40
146            android:name="android.ext.adservices"
146-->[androidx.privacysandbox.ads:ads-adservices:1.0.0-beta05] AndroidManifest.xml:24:13-50
147            android:required="false" />
147-->[androidx.privacysandbox.ads:ads-adservices:1.0.0-beta05] AndroidManifest.xml:25:13-37
148
149        <meta-data
149-->[com.google.android.gms:play-services-basement:18.1.0] AndroidManifest.xml:21:9-23:69
150            android:name="com.google.android.gms.version"
150-->[com.google.android.gms:play-services-basement:18.1.0] AndroidManifest.xml:22:13-58
151            android:value="@integer/google_play_services_version" />
151-->[com.google.android.gms:play-services-basement:18.1.0] AndroidManifest.xml:23:13-66
152
153        <provider
153-->[androidx.emoji2:emoji2:1.2.0] AndroidManifest.xml:24:9-32:20
154            android:name="androidx.startup.InitializationProvider"
154-->[androidx.emoji2:emoji2:1.2.0] AndroidManifest.xml:25:13-67
155            android:authorities="com.erdmt.androidx-startup"
155-->[androidx.emoji2:emoji2:1.2.0] AndroidManifest.xml:26:13-68
156            android:exported="false" >
156-->[androidx.emoji2:emoji2:1.2.0] AndroidManifest.xml:27:13-37
157            <meta-data
157-->[androidx.emoji2:emoji2:1.2.0] AndroidManifest.xml:29:13-31:52
158                android:name="androidx.emoji2.text.EmojiCompatInitializer"
158-->[androidx.emoji2:emoji2:1.2.0] AndroidManifest.xml:30:17-75
159                android:value="androidx.startup" />
159-->[androidx.emoji2:emoji2:1.2.0] AndroidManifest.xml:31:17-49
160            <meta-data
160-->[androidx.lifecycle:lifecycle-process:2.4.1] AndroidManifest.xml:31:13-33:52
161                android:name="androidx.lifecycle.ProcessLifecycleInitializer"
161-->[androidx.lifecycle:lifecycle-process:2.4.1] AndroidManifest.xml:32:17-78
162                android:value="androidx.startup" />
162-->[androidx.lifecycle:lifecycle-process:2.4.1] AndroidManifest.xml:33:17-49
163        </provider>
164    </application>
165
166</manifest>